C:\Users\naisk\Desktop\하이닉스 대비\웨이퍼 불량 분석\.venv\Lib\site-packages\albumentations\__init__.py:24: UserWarning: A new version of Albumentations is available: 2.0.8 (you have 1.4.21). Upgrade using: pip install -U albumentations. To disable automatic update checks, set the environment variable NO_ALBUMENTATIONS_UPDATE to 1.
  check_for_updates()
Device: cuda
GPU: NVIDIA GeForce RTX 2060 SUPER

============================================================
모델: MobileNetV3

[MobileNetV3] Phase 1 (백본 동결, 5 epochs)
  P1 Ep01 | TrLoss=1.1583 TrAcc=0.5742 VlF1=0.2906 ★
  P1 Ep02 | TrLoss=1.0568 TrAcc=0.6070 VlF1=0.3318 ★
  P1 Ep03 | TrLoss=1.0350 TrAcc=0.6149 VlF1=0.3447 ★
  P1 Ep04 | TrLoss=1.0108 TrAcc=0.6230 VlF1=0.3570 ★
  P1 Ep05 | TrLoss=1.0028 TrAcc=0.6263 VlF1=0.3487 
[MobileNetV3] Phase 2 (전체 Unfreeze, 35 epochs, backbone_lr=1.0e-05)
  P2 Ep01 | TrLoss=0.8465 VlF1=0.4792 ★
  P2 Ep02 | TrLoss=0.7119 VlF1=0.5326 ★
  P2 Ep03 | TrLoss=0.6241 VlF1=0.5732 ★
  P2 Ep04 | TrLoss=0.5524 VlF1=0.6061 ★
  P2 Ep05 | TrLoss=0.5013 VlF1=0.6313 ★
  P2 Ep06 | TrLoss=0.4640 VlF1=0.6567 ★
  P2 Ep07 | TrLoss=0.4324 VlF1=0.6651 ★
  P2 Ep08 | TrLoss=0.4007 VlF1=0.6726 ★
  P2 Ep09 | TrLoss=0.3786 VlF1=0.6962 ★
  P2 Ep10 | TrLoss=0.3578 VlF1=0.6953 
  P2 Ep11 | TrLoss=0.3438 VlF1=0.6964 ★
  P2 Ep12 | TrLoss=0.3338 VlF1=0.7024 ★
  P2 Ep13 | TrLoss=0.3193 VlF1=0.7126 ★
  P2 Ep14 | TrLoss=0.3058 VlF1=0.7066 
  P2 Ep15 | TrLoss=0.2994 VlF1=0.7157 ★
  P2 Ep16 | TrLoss=0.2891 VlF1=0.7167 ★
  P2 Ep17 | TrLoss=0.2832 VlF1=0.7093 
  P2 Ep18 | TrLoss=0.2736 VlF1=0.7323 ★
  P2 Ep19 | TrLoss=0.2730 VlF1=0.7286 
  P2 Ep20 | TrLoss=0.2664 VlF1=0.7310 
  P2 Ep21 | TrLoss=0.2667 VlF1=0.7293 
  P2 Ep22 | TrLoss=0.2585 VlF1=0.7301 
  P2 Ep23 | TrLoss=0.2514 VlF1=0.7338 ★
  P2 Ep24 | TrLoss=0.2482 VlF1=0.7375 ★
  P2 Ep25 | TrLoss=0.2465 VlF1=0.7386 ★
  P2 Ep26 | TrLoss=0.2472 VlF1=0.7300 
  P2 Ep27 | TrLoss=0.2430 VlF1=0.7338 
  P2 Ep28 | TrLoss=0.2430 VlF1=0.7337 
  P2 Ep29 | TrLoss=0.2395 VlF1=0.7410 ★
  P2 Ep30 | TrLoss=0.2360 VlF1=0.7399 
  P2 Ep31 | TrLoss=0.2357 VlF1=0.7391 
  P2 Ep32 | TrLoss=0.2339 VlF1=0.7398 
  P2 Ep33 | TrLoss=0.2361 VlF1=0.7406 
  P2 Ep34 | TrLoss=0.2337 VlF1=0.7417 ★
  P2 Ep35 | TrLoss=0.2362 VlF1=0.7401 
Downloading: "https://download.pytorch.org/models/efficientnet_b0_rwightman-7f5810bc.pth" to C:\Users\naisk/.cache\torch\hub\checkpoints\efficientnet_b0_rwightman-7f5810bc.pth

[MobileNetV3] Test Acc=90.45%  F1=0.7369  (목표≥0.88) [MISS]
              precision    recall  f1-score   support

        none       1.00      0.90      0.95     22115
      Center       0.66      0.94      0.78       644
       Donut       0.73      0.88      0.80        83
    Edge-Loc       0.49      0.88      0.63       779
   Edge-Ring       0.88      0.98      0.93      1452
         Loc       0.50      0.76      0.61       539
   Near-full       0.85      1.00      0.92        22
      Random       0.66      0.88      0.75       130
     Scratch       0.17      0.79      0.28       179

    accuracy                           0.90     25943
   macro avg       0.66      0.89      0.74     25943
weighted avg       0.95      0.90      0.92     25943


============================================================
모델: EfficientNet-B0
  0%|          | 0.00/20.5M [00:00<?, ?B/s] 26%|##6       | 5.38M/20.5M [00:00<00:00, 55.7MB/s] 54%|#####4    | 11.1M/20.5M [00:00<00:00, 57.7MB/s] 83%|########2 | 16.9M/20.5M [00:00<00:00, 58.4MB/s]100%|##########| 20.5M/20.5M [00:00<00:00, 58.1MB/s]

[EfficientNet-B0] Phase 1 (백본 동결, 5 epochs)
  P1 Ep01 | TrLoss=1.2739 TrAcc=0.5459 VlF1=0.2654 ★
  P1 Ep02 | TrLoss=1.2312 TrAcc=0.5593 VlF1=0.2585 
  P1 Ep03 | TrLoss=1.2346 TrAcc=0.5588 VlF1=0.2731 ★
  P1 Ep04 | TrLoss=1.2340 TrAcc=0.5587 VlF1=0.2670 
  P1 Ep05 | TrLoss=1.2341 TrAcc=0.5589 VlF1=0.2744 ★
[EfficientNet-B0] Phase 2 (전체 Unfreeze, 35 epochs, backbone_lr=1.0e-05)
  P2 Ep01 | TrLoss=0.9855 VlF1=0.4632 ★
  P2 Ep02 | TrLoss=0.7228 VlF1=0.5926 ★
  P2 Ep03 | TrLoss=0.5824 VlF1=0.6233 ★
  P2 Ep04 | TrLoss=0.4977 VlF1=0.6617 ★
  P2 Ep05 | TrLoss=0.4349 VlF1=0.6959 ★
  P2 Ep06 | TrLoss=0.3874 VlF1=0.7101 ★
  P2 Ep07 | TrLoss=0.3547 VlF1=0.7244 ★
  P2 Ep08 | TrLoss=0.3264 VlF1=0.7217 
  P2 Ep09 | TrLoss=0.3043 VlF1=0.7415 ★
  P2 Ep10 | TrLoss=0.2855 VlF1=0.7514 ★
  P2 Ep11 | TrLoss=0.2676 VlF1=0.7626 ★
  P2 Ep12 | TrLoss=0.2562 VlF1=0.7690 ★
  P2 Ep13 | TrLoss=0.2412 VlF1=0.7536 
  P2 Ep14 | TrLoss=0.2282 VlF1=0.7535 
  P2 Ep15 | TrLoss=0.2236 VlF1=0.7882 ★
  P2 Ep16 | TrLoss=0.2184 VlF1=0.7835 
  P2 Ep17 | TrLoss=0.2111 VlF1=0.7773 
  P2 Ep18 | TrLoss=0.2070 VlF1=0.7755 
  P2 Ep19 | TrLoss=0.1974 VlF1=0.7999 ★
  P2 Ep20 | TrLoss=0.1943 VlF1=0.7814 
  P2 Ep21 | TrLoss=0.1851 VlF1=0.7661 
  P2 Ep22 | TrLoss=0.1850 VlF1=0.7678 
  P2 Ep23 | TrLoss=0.1806 VlF1=0.7863 
  P2 Ep24 | TrLoss=0.1789 VlF1=0.7915 
  P2 Ep25 | TrLoss=0.1751 VlF1=0.7854 
  P2 Ep26 | TrLoss=0.1752 VlF1=0.7828 
  P2 Ep27 | TrLoss=0.1671 VlF1=0.7829 
  P2 Ep28 | TrLoss=0.1715 VlF1=0.7959 
  P2 Ep29 | TrLoss=0.1696 VlF1=0.7929 
Warning: You are sending unauthenticated requests to the HF Hub. Please set a HF_TOKEN to enable higher rate limits and faster downloads.
  Early stopping at P2 epoch 29

[EfficientNet-B0] Test Acc=93.96%  F1=0.7944  (목표≥0.88) [MISS]
              precision    recall  f1-score   support

        none       1.00      0.94      0.97     22115
      Center       0.68      0.96      0.80       644
       Donut       0.82      0.92      0.86        83
    Edge-Loc       0.62      0.87      0.73       779
   Edge-Ring       0.95      0.98      0.96      1452
         Loc       0.58      0.79      0.67       539
   Near-full       0.88      0.95      0.91        22
      Random       0.68      0.90      0.78       130
     Scratch       0.32      0.89      0.47       179

    accuracy                           0.94     25943
   macro avg       0.72      0.91      0.79     25943
weighted avg       0.96      0.94      0.95     25943


============================================================
모델: ViT-Tiny

[ViT-Tiny] Phase 1 (백본 동결, 5 epochs)
  P1 Ep01 | TrLoss=1.0149 TrAcc=0.6269 VlF1=0.3986 ★
  P1 Ep02 | TrLoss=0.9205 TrAcc=0.6611 VlF1=0.3348 
  P1 Ep03 | TrLoss=0.9130 TrAcc=0.6621 VlF1=0.3933 
  P1 Ep04 | TrLoss=0.8997 TrAcc=0.6674 VlF1=0.4780 ★
  P1 Ep05 | TrLoss=0.9010 TrAcc=0.6683 VlF1=0.4147 
[ViT-Tiny] Phase 2 (전체 Unfreeze, 35 epochs, backbone_lr=1.0e-05)
  P2 Ep01 | TrLoss=0.4586 VlF1=0.7110 ★
  P2 Ep02 | TrLoss=0.2995 VlF1=0.7270 ★
  P2 Ep03 | TrLoss=0.2445 VlF1=0.7468 ★
  P2 Ep04 | TrLoss=0.2175 VlF1=0.7305 
  P2 Ep05 | TrLoss=0.1947 VlF1=0.7623 ★
  P2 Ep06 | TrLoss=0.1793 VlF1=0.7575 
  P2 Ep07 | TrLoss=0.1628 VlF1=0.7893 ★
  P2 Ep08 | TrLoss=0.1499 VlF1=0.7924 ★
  P2 Ep09 | TrLoss=0.1423 VlF1=0.7796 
  P2 Ep10 | TrLoss=0.1309 VlF1=0.7945 ★
  P2 Ep11 | TrLoss=0.1222 VlF1=0.7615 
  P2 Ep12 | TrLoss=0.1157 VlF1=0.7889 
  P2 Ep13 | TrLoss=0.1095 VlF1=0.8129 ★
  P2 Ep14 | TrLoss=0.1043 VlF1=0.7875 
  P2 Ep15 | TrLoss=0.1001 VlF1=0.8037 
  P2 Ep16 | TrLoss=0.0955 VlF1=0.7915 
  P2 Ep17 | TrLoss=0.0927 VlF1=0.8142 ★
  P2 Ep18 | TrLoss=0.0891 VlF1=0.8092 
  P2 Ep19 | TrLoss=0.0821 VlF1=0.8028 
  P2 Ep20 | TrLoss=0.0787 VlF1=0.8099 
  P2 Ep21 | TrLoss=0.0791 VlF1=0.8220 ★
  P2 Ep22 | TrLoss=0.0749 VlF1=0.8159 
  P2 Ep23 | TrLoss=0.0727 VlF1=0.8083 
  P2 Ep24 | TrLoss=0.0704 VlF1=0.8048 
  P2 Ep25 | TrLoss=0.0676 VlF1=0.8042 
  P2 Ep26 | TrLoss=0.0674 VlF1=0.8314 ★
  P2 Ep27 | TrLoss=0.0641 VlF1=0.8198 
  P2 Ep28 | TrLoss=0.0634 VlF1=0.8227 
  P2 Ep29 | TrLoss=0.0616 VlF1=0.8351 ★
  P2 Ep30 | TrLoss=0.0601 VlF1=0.8333 
  P2 Ep31 | TrLoss=0.0595 VlF1=0.8293 
  P2 Ep32 | TrLoss=0.0585 VlF1=0.8190 
  P2 Ep33 | TrLoss=0.0574 VlF1=0.8253 
  P2 Ep34 | TrLoss=0.0567 VlF1=0.8273 
  P2 Ep35 | TrLoss=0.0562 VlF1=0.8283 

[ViT-Tiny] Test Acc=95.54%  F1=0.8352  (목표≥0.88) [MISS]
              precision    recall  f1-score   support

        none       1.00      0.96      0.98     22115
      Center       0.77      0.95      0.85       644
       Donut       0.91      0.89      0.90        83
    Edge-Loc       0.70      0.89      0.79       779
   Edge-Ring       0.94      0.99      0.96      1452
         Loc       0.62      0.81      0.70       539
   Near-full       0.91      0.95      0.93        22
      Random       0.81      0.89      0.85       130
     Scratch       0.44      0.77      0.56       179

    accuracy                           0.96     25943
   macro avg       0.79      0.90      0.84     25943
weighted avg       0.96      0.96      0.96     25943


결과 저장: analysis/finetuning_results.json
최고 성능 모델: ViT-Tiny  F1=0.8352
