C:\Users\naisk\Desktop\하이닉스 대비\웨이퍼 불량 분석\.venv\Lib\site-packages\albumentations\__init__.py:24: UserWarning: A new version of Albumentations is available: 2.0.8 (you have 1.4.21). Upgrade using: pip install -U albumentations. To disable automatic update checks, set the environment variable NO_ALBUMENTATIONS_UPDATE to 1.
  check_for_updates()
Device: cuda
GPU: NVIDIA GeForce RTX 2060 SUPER
파라미터: 1.21M

 Ep |       LR |  TrLoss |  TrAcc |   VlF1 | Best
-------------------------------------------------------
  1 | 3.00e-04 |  0.6557 | 0.7624 | 0.7422 | ★
  2 | 3.00e-04 |  0.3619 | 0.8748 | 0.7428 | ★
  3 | 2.98e-04 |  0.3067 | 0.8935 | 0.7030 | 
  4 | 2.96e-04 |  0.2746 | 0.9037 | 0.7919 | ★
  5 | 2.93e-04 |  0.2540 | 0.9112 | 0.8161 | ★
  6 | 2.89e-04 |  0.2422 | 0.9150 | 0.7371 | 
  7 | 2.84e-04 |  0.2272 | 0.9206 | 0.8203 | ★
  8 | 2.78e-04 |  0.2135 | 0.9260 | 0.7770 | 
  9 | 2.71e-04 |  0.2029 | 0.9291 | 0.7400 | 
 10 | 2.64e-04 |  0.1964 | 0.9313 | 0.7755 | 
 11 | 2.56e-04 |  0.1886 | 0.9346 | 0.7968 | 
 12 | 2.48e-04 |  0.1812 | 0.9362 | 0.7579 | 
 13 | 2.38e-04 |  0.1727 | 0.9396 | 0.7437 | 
 14 | 2.29e-04 |  0.1676 | 0.9411 | 0.8207 | ★
 15 | 2.18e-04 |  0.1638 | 0.9430 | 0.8372 | ★
 16 | 2.08e-04 |  0.1553 | 0.9457 | 0.8123 | 
 17 | 1.97e-04 |  0.1511 | 0.9472 | 0.7961 | 
 18 | 1.85e-04 |  0.1452 | 0.9498 | 0.8073 | 
 19 | 1.74e-04 |  0.1372 | 0.9519 | 0.8010 | 
 20 | 1.62e-04 |  0.1332 | 0.9533 | 0.7866 | 
 21 | 1.50e-04 |  0.1305 | 0.9537 | 0.7912 | 
 22 | 1.39e-04 |  0.1251 | 0.9564 | 0.8110 | 
 23 | 1.27e-04 |  0.1210 | 0.9577 | 0.8485 | ★
 24 | 1.16e-04 |  0.1179 | 0.9587 | 0.8041 | 
 25 | 1.04e-04 |  0.1114 | 0.9612 | 0.8205 | 
 26 | 9.33e-05 |  0.1083 | 0.9620 | 0.8258 | 
 27 | 8.26e-05 |  0.1045 | 0.9631 | 0.8169 | 
 28 | 7.24e-05 |  0.1009 | 0.9646 | 0.8180 | 
 29 | 6.26e-05 |  0.0966 | 0.9661 | 0.8379 | 
 30 | 5.34e-05 |  0.0951 | 0.9671 | 0.8284 | 
 31 | 4.48e-05 |  0.0921 | 0.9688 | 0.8293 | 
 32 | 3.68e-05 |  0.0887 | 0.9694 | 0.8231 | 
 33 | 2.96e-05 |  0.0882 | 0.9697 | 0.8341 | 
  Early stopping at epoch 33

=== WaferCNN (수정) Test ===
Accuracy : 95.78%
Traceback (most recent call last):
  File "C:\Users\naisk\Desktop\하이닉스 대비\웨이퍼 불량 분석\scripts\retrain_baseline.py", line 162, in <module>
    main()
  File "C:\Users\naisk\Desktop\하이닉스 대비\웨이퍼 불량 분석\scripts\retrain_baseline.py", line 145, in main
    print(f'F1-macro : {test_f1:.4f}  (목표 ≥ 0.80)  {"\u2705" if test_f1>=0.80 else "\u274c"}')
UnicodeEncodeError: 'cp949' codec can't encode character '\u2705' in position 32: illegal multibyte sequence
